{"/Users/Antoine/Developer/Code/React-js/Learning-React/Chapter-10/Color-Organizer/src/actions/constants.js": {"path":"/Users/Antoine/Developer/Code/React-js/Learning-React/Chapter-10/Color-Organizer/src/actions/constants.js","statementMap":{"0":{"start":{"line":1,"column":25},"end":{"line":1,"column":36}},"1":{"start":{"line":2,"column":26},"end":{"line":2,"column":38}},"2":{"start":{"line":3,"column":28},"end":{"line":3,"column":42}},"3":{"start":{"line":4,"column":27},"end":{"line":4,"column":40}}},"fnMap":{},"branchMap":{},"s":{"0":3,"1":3,"2":3,"3":3},"f":{},"b":{},"_coverageSchema":"43e27e138ebf9cfc5966b082cf9a028302ed4184","hash":"09409ec213ec6789723deeef02ba55aa2d6f5b39"}
,"/Users/Antoine/Developer/Code/React-js/Learning-React/Chapter-10/Color-Organizer/src/actions/index.js": {"path":"/Users/Antoine/Developer/Code/React-js/Learning-React/Chapter-10/Color-Organizer/src/actions/index.js","statementMap":{"0":{"start":{"line":5,"column":24},"end":{"line":12,"column":6}},"1":{"start":{"line":6,"column":5},"end":{"line":12,"column":5}},"2":{"start":{"line":14,"column":27},"end":{"line":18,"column":6}},"3":{"start":{"line":15,"column":5},"end":{"line":18,"column":5}},"4":{"start":{"line":20,"column":25},"end":{"line":25,"column":6}},"5":{"start":{"line":21,"column":5},"end":{"line":25,"column":5}},"6":{"start":{"line":27,"column":26},"end":{"line":41,"column":14}},"7":{"start":{"line":28,"column":4},"end":{"line":41,"column":14}}},"fnMap":{"0":{"name":"(anonymous_0)","decl":{"start":{"line":5,"column":24},"end":{"line":5,"column":25}},"loc":{"start":{"line":6,"column":5},"end":{"line":12,"column":5}},"line":6},"1":{"name":"(anonymous_1)","decl":{"start":{"line":14,"column":27},"end":{"line":14,"column":28}},"loc":{"start":{"line":15,"column":5},"end":{"line":18,"column":5}},"line":15},"2":{"name":"(anonymous_2)","decl":{"start":{"line":20,"column":25},"end":{"line":20,"column":26}},"loc":{"start":{"line":21,"column":5},"end":{"line":25,"column":5}},"line":21},"3":{"name":"(anonymous_3)","decl":{"start":{"line":27,"column":26},"end":{"line":27,"column":27}},"loc":{"start":{"line":28,"column":4},"end":{"line":41,"column":14}},"line":28}},"branchMap":{"0":{"loc":{"start":{"line":28,"column":4},"end":{"line":41,"column":14}},"type":"cond-expr","locations":[{"start":{"line":29,"column":9},"end":{"line":32,"column":9}},{"start":{"line":33,"column":8},"end":{"line":41,"column":14}}],"line":28},"1":{"loc":{"start":{"line":33,"column":8},"end":{"line":41,"column":14}},"type":"cond-expr","locations":[{"start":{"line":34,"column":13},"end":{"line":37,"column":13}},{"start":{"line":38,"column":13},"end":{"line":41,"column":13}}],"line":33}},"s":{"0":2,"1":1,"2":2,"3":2,"4":2,"5":2,"6":2,"7":3},"f":{"0":1,"1":2,"2":2,"3":3},"b":{"0":[1,2],"1":[1,1]},"_coverageSchema":"43e27e138ebf9cfc5966b082cf9a028302ed4184","hash":"fb08e5c44148d0433c744cfbd2eb0d62e99b7594"}
,"/Users/Antoine/Developer/Code/React-js/Learning-React/Chapter-10/Color-Organizer/src/components/Color.js": {"path":"/Users/Antoine/Developer/Code/React-js/Learning-React/Chapter-10/Color-Organizer/src/components/Color.js","statementMap":{"0":{"start":{"line":4,"column":22},"end":{"line":4,"column":27}},"1":{"start":{"line":9,"column":58},"end":{"line":9,"column":68}},"2":{"start":{"line":10,"column":8},"end":{"line":24,"column":9}},"3":{"start":{"line":29,"column":0},"end":{"line":35,"column":1}},"4":{"start":{"line":37,"column":0},"end":{"line":41,"column":1}},"5":{"start":{"line":39,"column":17},"end":{"line":39,"column":18}},"6":{"start":{"line":40,"column":15},"end":{"line":40,"column":16}}},"fnMap":{"0":{"name":"(anonymous_0)","decl":{"start":{"line":8,"column":4},"end":{"line":8,"column":5}},"loc":{"start":{"line":8,"column":13},"end":{"line":25,"column":5}},"line":8},"1":{"name":"(anonymous_1)","decl":{"start":{"line":39,"column":14},"end":{"line":39,"column":15}},"loc":{"start":{"line":39,"column":17},"end":{"line":39,"column":18}},"line":39},"2":{"name":"(anonymous_2)","decl":{"start":{"line":40,"column":12},"end":{"line":40,"column":13}},"loc":{"start":{"line":40,"column":15},"end":{"line":40,"column":16}},"line":40}},"branchMap":{},"s":{"0":1,"1":4,"2":4,"3":1,"4":1,"5":1,"6":1},"f":{"0":4,"1":1,"2":1},"b":{},"_coverageSchema":"43e27e138ebf9cfc5966b082cf9a028302ed4184","hash":"31fc27142a1b9f073fa25f4d447362bb5c4326e3"}
,"/Users/Antoine/Developer/Code/React-js/Learning-React/Chapter-10/Color-Organizer/src/components/ColorList.js": {"path":"/Users/Antoine/Developer/Code/React-js/Learning-React/Chapter-10/Color-Organizer/src/components/ColorList.js","statementMap":{"0":{"start":{"line":5,"column":25},"end":{"line":16,"column":10}},"1":{"start":{"line":5,"column":49},"end":{"line":5,"column":50}},"2":{"start":{"line":5,"column":64},"end":{"line":5,"column":65}},"3":{"start":{"line":6,"column":4},"end":{"line":16,"column":10}},"4":{"start":{"line":10,"column":16},"end":{"line":13,"column":61}},"5":{"start":{"line":12,"column":43},"end":{"line":12,"column":67}},"6":{"start":{"line":13,"column":39},"end":{"line":13,"column":57}},"7":{"start":{"line":19,"column":0},"end":{"line":23,"column":1}}},"fnMap":{"0":{"name":"(anonymous_0)","decl":{"start":{"line":5,"column":25},"end":{"line":5,"column":26}},"loc":{"start":{"line":6,"column":4},"end":{"line":16,"column":10}},"line":6},"1":{"name":"(anonymous_1)","decl":{"start":{"line":5,"column":46},"end":{"line":5,"column":47}},"loc":{"start":{"line":5,"column":49},"end":{"line":5,"column":50}},"line":5},"2":{"name":"(anonymous_2)","decl":{"start":{"line":5,"column":61},"end":{"line":5,"column":62}},"loc":{"start":{"line":5,"column":64},"end":{"line":5,"column":65}},"line":5},"3":{"name":"(anonymous_3)","decl":{"start":{"line":9,"column":23},"end":{"line":9,"column":24}},"loc":{"start":{"line":10,"column":16},"end":{"line":13,"column":61}},"line":10},"4":{"name":"(anonymous_4)","decl":{"start":{"line":12,"column":31},"end":{"line":12,"column":32}},"loc":{"start":{"line":12,"column":43},"end":{"line":12,"column":67}},"line":12},"5":{"name":"(anonymous_5)","decl":{"start":{"line":13,"column":33},"end":{"line":13,"column":34}},"loc":{"start":{"line":13,"column":39},"end":{"line":13,"column":57}},"line":13}},"branchMap":{"0":{"loc":{"start":{"line":5,"column":28},"end":{"line":5,"column":37}},"type":"default-arg","locations":[{"start":{"line":5,"column":35},"end":{"line":5,"column":37}}],"line":5},"1":{"loc":{"start":{"line":5,"column":39},"end":{"line":5,"column":50}},"type":"default-arg","locations":[{"start":{"line":5,"column":46},"end":{"line":5,"column":50}}],"line":5},"2":{"loc":{"start":{"line":5,"column":52},"end":{"line":5,"column":65}},"type":"default-arg","locations":[{"start":{"line":5,"column":61},"end":{"line":5,"column":65}}],"line":5},"3":{"loc":{"start":{"line":7,"column":9},"end":{"line":14,"column":13}},"type":"cond-expr","locations":[{"start":{"line":8,"column":12},"end":{"line":8,"column":50}},{"start":{"line":9,"column":12},"end":{"line":14,"column":13}}],"line":7}},"s":{"0":1,"1":1,"2":1,"3":6,"4":15,"5":2,"6":2,"7":1},"f":{"0":6,"1":1,"2":1,"3":15,"4":2,"5":2},"b":{"0":[1],"1":[5],"2":[5],"3":[1,5]},"_coverageSchema":"43e27e138ebf9cfc5966b082cf9a028302ed4184","hash":"89353ade6188658a5c347a784b1ca6838b6cc4fe"}
,"/Users/Antoine/Developer/Code/React-js/Learning-React/Chapter-10/Color-Organizer/src/components/Star.js": {"path":"/Users/Antoine/Developer/Code/React-js/Learning-React/Chapter-10/Color-Organizer/src/components/Star.js","statementMap":{"0":{"start":{"line":4,"column":20},"end":{"line":7,"column":10}},"1":{"start":{"line":4,"column":50},"end":{"line":4,"column":51}},"2":{"start":{"line":5,"column":4},"end":{"line":7,"column":10}},"3":{"start":{"line":9,"column":0},"end":{"line":12,"column":1}}},"fnMap":{"0":{"name":"(anonymous_0)","decl":{"start":{"line":4,"column":20},"end":{"line":4,"column":21}},"loc":{"start":{"line":5,"column":4},"end":{"line":7,"column":10}},"line":5},"1":{"name":"(anonymous_1)","decl":{"start":{"line":4,"column":47},"end":{"line":4,"column":48}},"loc":{"start":{"line":4,"column":50},"end":{"line":4,"column":51}},"line":4}},"branchMap":{"0":{"loc":{"start":{"line":4,"column":23},"end":{"line":4,"column":37}},"type":"default-arg","locations":[{"start":{"line":4,"column":32},"end":{"line":4,"column":37}}],"line":4},"1":{"loc":{"start":{"line":4,"column":39},"end":{"line":4,"column":51}},"type":"default-arg","locations":[{"start":{"line":4,"column":47},"end":{"line":4,"column":51}}],"line":4},"2":{"loc":{"start":{"line":5,"column":20},"end":{"line":5,"column":57}},"type":"cond-expr","locations":[{"start":{"line":5,"column":33},"end":{"line":5,"column":48}},{"start":{"line":5,"column":51},"end":{"line":5,"column":57}}],"line":5}},"s":{"0":2,"1":1,"2":19,"3":2},"f":{"0":19,"1":1},"b":{"0":[2],"1":[3],"2":[2,17]},"_coverageSchema":"43e27e138ebf9cfc5966b082cf9a028302ed4184","hash":"11c63980fbd74e49a03ddf0198594b6307327e6e"}
,"/Users/Antoine/Developer/Code/React-js/Learning-React/Chapter-10/Color-Organizer/src/components/StarRating.js": {"path":"/Users/Antoine/Developer/Code/React-js/Learning-React/Chapter-10/Color-Organizer/src/components/StarRating.js","statementMap":{"0":{"start":{"line":4,"column":26},"end":{"line":15,"column":10}},"1":{"start":{"line":4,"column":69},"end":{"line":4,"column":70}},"2":{"start":{"line":5,"column":4},"end":{"line":15,"column":10}},"3":{"start":{"line":8,"column":12},"end":{"line":11,"column":14}},"4":{"start":{"line":10,"column":33},"end":{"line":10,"column":44}}},"fnMap":{"0":{"name":"(anonymous_0)","decl":{"start":{"line":4,"column":26},"end":{"line":4,"column":27}},"loc":{"start":{"line":5,"column":4},"end":{"line":15,"column":10}},"line":5},"1":{"name":"(anonymous_1)","decl":{"start":{"line":4,"column":66},"end":{"line":4,"column":67}},"loc":{"start":{"line":4,"column":69},"end":{"line":4,"column":70}},"line":4},"2":{"name":"(anonymous_2)","decl":{"start":{"line":7,"column":36},"end":{"line":7,"column":37}},"loc":{"start":{"line":8,"column":12},"end":{"line":11,"column":14}},"line":8},"3":{"name":"(anonymous_3)","decl":{"start":{"line":10,"column":27},"end":{"line":10,"column":28}},"loc":{"start":{"line":10,"column":33},"end":{"line":10,"column":44}},"line":10}},"branchMap":{"0":{"loc":{"start":{"line":4,"column":28},"end":{"line":4,"column":43}},"type":"default-arg","locations":[{"start":{"line":4,"column":42},"end":{"line":4,"column":43}}],"line":4},"1":{"loc":{"start":{"line":4,"column":45},"end":{"line":4,"column":57}},"type":"default-arg","locations":[{"start":{"line":4,"column":56},"end":{"line":4,"column":57}}],"line":4},"2":{"loc":{"start":{"line":4,"column":59},"end":{"line":4,"column":70}},"type":"default-arg","locations":[{"start":{"line":4,"column":66},"end":{"line":4,"column":70}}],"line":4}},"s":{"0":1,"1":0,"2":3,"3":15,"4":1},"f":{"0":3,"1":0,"2":15,"3":1},"b":{"0":[0],"1":[3],"2":[0]},"_coverageSchema":"43e27e138ebf9cfc5966b082cf9a028302ed4184","hash":"e0cda284319e0604c0664659eefc555d215eeea3"}
,"/Users/Antoine/Developer/Code/React-js/Learning-React/Chapter-10/Color-Organizer/src/components/containers/Colors.js": {"path":"/Users/Antoine/Developer/Code/React-js/Learning-React/Chapter-10/Color-Organizer/src/components/containers/Colors.js","statementMap":{"0":{"start":{"line":8,"column":24},"end":{"line":11,"column":6}},"1":{"start":{"line":9,"column":5},"end":{"line":11,"column":5}},"2":{"start":{"line":13,"column":27},"end":{"line":21,"column":6}},"3":{"start":{"line":14,"column":5},"end":{"line":21,"column":5}},"4":{"start":{"line":16,"column":12},"end":{"line":16,"column":37}},"5":{"start":{"line":19,"column":12},"end":{"line":19,"column":43}},"6":{"start":{"line":23,"column":22},"end":{"line":26,"column":12}}},"fnMap":{"0":{"name":"(anonymous_0)","decl":{"start":{"line":8,"column":24},"end":{"line":8,"column":25}},"loc":{"start":{"line":9,"column":5},"end":{"line":11,"column":5}},"line":9},"1":{"name":"(anonymous_1)","decl":{"start":{"line":13,"column":27},"end":{"line":13,"column":28}},"loc":{"start":{"line":14,"column":5},"end":{"line":21,"column":5}},"line":14},"2":{"name":"(anonymous_2)","decl":{"start":{"line":15,"column":8},"end":{"line":15,"column":9}},"loc":{"start":{"line":15,"column":21},"end":{"line":17,"column":9}},"line":15},"3":{"name":"(anonymous_3)","decl":{"start":{"line":18,"column":8},"end":{"line":18,"column":9}},"loc":{"start":{"line":18,"column":27},"end":{"line":20,"column":9}},"line":18}},"branchMap":{},"s":{"0":1,"1":2,"2":1,"3":1,"4":1,"5":1,"6":1},"f":{"0":2,"1":1,"2":1,"3":1},"b":{},"_coverageSchema":"43e27e138ebf9cfc5966b082cf9a028302ed4184","hash":"df15626abe91ef0609ccb2dac9c04306e0acbf51"}
,"/Users/Antoine/Developer/Code/React-js/Learning-React/Chapter-10/Color-Organizer/src/lib/array-helpers.js": {"path":"/Users/Antoine/Developer/Code/React-js/Learning-React/Chapter-10/Color-Organizer/src/lib/array-helpers.js","statementMap":{"0":{"start":{"line":1,"column":15},"end":{"line":10,"column":1}},"1":{"start":{"line":2,"column":4},"end":{"line":9,"column":5}},"2":{"start":{"line":4,"column":12},"end":{"line":4,"column":69}},"3":{"start":{"line":4,"column":29},"end":{"line":4,"column":68}},"4":{"start":{"line":6,"column":12},"end":{"line":6,"column":60}},"5":{"start":{"line":6,"column":29},"end":{"line":6,"column":59}},"6":{"start":{"line":8,"column":12},"end":{"line":8,"column":49}},"7":{"start":{"line":8,"column":29},"end":{"line":8,"column":48}},"8":{"start":{"line":12,"column":28},"end":{"line":17,"column":39}},"9":{"start":{"line":13,"column":4},"end":{"line":17,"column":39}}},"fnMap":{"0":{"name":"(anonymous_0)","decl":{"start":{"line":1,"column":15},"end":{"line":1,"column":16}},"loc":{"start":{"line":1,"column":32},"end":{"line":10,"column":1}},"line":1},"1":{"name":"(anonymous_1)","decl":{"start":{"line":4,"column":19},"end":{"line":4,"column":20}},"loc":{"start":{"line":4,"column":29},"end":{"line":4,"column":68}},"line":4},"2":{"name":"(anonymous_2)","decl":{"start":{"line":6,"column":19},"end":{"line":6,"column":20}},"loc":{"start":{"line":6,"column":29},"end":{"line":6,"column":59}},"line":6},"3":{"name":"(anonymous_3)","decl":{"start":{"line":8,"column":19},"end":{"line":8,"column":20}},"loc":{"start":{"line":8,"column":29},"end":{"line":8,"column":48}},"line":8},"4":{"name":"(anonymous_4)","decl":{"start":{"line":12,"column":28},"end":{"line":12,"column":29}},"loc":{"start":{"line":13,"column":4},"end":{"line":17,"column":39}},"line":13}},"branchMap":{"0":{"loc":{"start":{"line":2,"column":4},"end":{"line":9,"column":5}},"type":"switch","locations":[{"start":{"line":3,"column":8},"end":{"line":4,"column":69}},{"start":{"line":5,"column":8},"end":{"line":6,"column":60}},{"start":{"line":7,"column":8},"end":{"line":8,"column":49}}],"line":2},"1":{"loc":{"start":{"line":6,"column":29},"end":{"line":6,"column":59}},"type":"cond-expr","locations":[{"start":{"line":6,"column":53},"end":{"line":6,"column":55}},{"start":{"line":6,"column":58},"end":{"line":6,"column":59}}],"line":6},"2":{"loc":{"start":{"line":13,"column":4},"end":{"line":17,"column":39}},"type":"cond-expr","locations":[{"start":{"line":14,"column":8},"end":{"line":14,"column":33}},{"start":{"line":15,"column":8},"end":{"line":17,"column":39}}],"line":13},"3":{"loc":{"start":{"line":15,"column":8},"end":{"line":17,"column":39}},"type":"cond-expr","locations":[{"start":{"line":16,"column":12},"end":{"line":16,"column":38}},{"start":{"line":17,"column":12},"end":{"line":17,"column":39}}],"line":15}},"s":{"0":1,"1":2,"2":2,"3":4,"4":0,"5":0,"6":0,"7":0,"8":1,"9":2},"f":{"0":2,"1":4,"2":0,"3":0,"4":2},"b":{"0":[2,0,0],"1":[0,0],"2":[0,2],"3":[0,2]},"_coverageSchema":"43e27e138ebf9cfc5966b082cf9a028302ed4184","hash":"bfbc75228c7256d469fdb7e7b66c4f56d5c107e4"}
,"/Users/Antoine/Developer/Code/React-js/Learning-React/Chapter-10/Color-Organizer/src/reducers/colorReducer.js": {"path":"/Users/Antoine/Developer/Code/React-js/Learning-React/Chapter-10/Color-Organizer/src/reducers/colorReducer.js","statementMap":{"0":{"start":{"line":4,"column":21},"end":{"line":30,"column":1}},"1":{"start":{"line":6,"column":4},"end":{"line":28,"column":5}},"2":{"start":{"line":8,"column":12},"end":{"line":14,"column":13}},"3":{"start":{"line":16,"column":12},"end":{"line":21,"column":17}},"4":{"start":{"line":23,"column":12},"end":{"line":25,"column":19}},"5":{"start":{"line":27,"column":12},"end":{"line":27,"column":24}}},"fnMap":{"0":{"name":"(anonymous_0)","decl":{"start":{"line":4,"column":21},"end":{"line":4,"column":22}},"loc":{"start":{"line":4,"column":60},"end":{"line":30,"column":1}},"line":4}},"branchMap":{"0":{"loc":{"start":{"line":4,"column":22},"end":{"line":4,"column":32}},"type":"default-arg","locations":[{"start":{"line":4,"column":30},"end":{"line":4,"column":32}}],"line":4},"1":{"loc":{"start":{"line":4,"column":34},"end":{"line":4,"column":55}},"type":"default-arg","locations":[{"start":{"line":4,"column":41},"end":{"line":4,"column":55}}],"line":4},"2":{"loc":{"start":{"line":6,"column":4},"end":{"line":28,"column":5}},"type":"switch","locations":[{"start":{"line":7,"column":8},"end":{"line":14,"column":13}},{"start":{"line":15,"column":8},"end":{"line":21,"column":17}},{"start":{"line":22,"column":8},"end":{"line":25,"column":19}},{"start":{"line":26,"column":8},"end":{"line":27,"column":24}}],"line":6},"3":{"loc":{"start":{"line":16,"column":19},"end":{"line":21,"column":17}},"type":"cond-expr","locations":[{"start":{"line":17,"column":16},"end":{"line":17,"column":21}},{"start":{"line":18,"column":16},"end":{"line":21,"column":17}}],"line":16},"4":{"loc":{"start":{"line":23,"column":19},"end":{"line":25,"column":19}},"type":"cond-expr","locations":[{"start":{"line":24,"column":16},"end":{"line":24,"column":21}},{"start":{"line":25,"column":16},"end":{"line":25,"column":19}}],"line":23}},"s":{"0":2,"1":9,"2":2,"3":5,"4":1,"5":1},"f":{"0":9},"b":{"0":[1],"1":[1],"2":[2,5,1,1],"3":[3,2],"4":[0,1]},"_coverageSchema":"43e27e138ebf9cfc5966b082cf9a028302ed4184","hash":"dcb48f630dc2194e16a02532aed3fac9476dee93"}
,"/Users/Antoine/Developer/Code/React-js/Learning-React/Chapter-10/Color-Organizer/src/reducers/colorsReducer.js": {"path":"/Users/Antoine/Developer/Code/React-js/Learning-React/Chapter-10/Color-Organizer/src/reducers/colorsReducer.js","statementMap":{"0":{"start":{"line":5,"column":22},"end":{"line":23,"column":1}},"1":{"start":{"line":6,"column":4},"end":{"line":22,"column":5}},"2":{"start":{"line":8,"column":12},"end":{"line":11,"column":13}},"3":{"start":{"line":13,"column":12},"end":{"line":15,"column":13}},"4":{"start":{"line":14,"column":21},"end":{"line":14,"column":37}},"5":{"start":{"line":17,"column":12},"end":{"line":19,"column":13}},"6":{"start":{"line":18,"column":21},"end":{"line":18,"column":39}},"7":{"start":{"line":21,"column":12},"end":{"line":21,"column":24}}},"fnMap":{"0":{"name":"(anonymous_0)","decl":{"start":{"line":5,"column":22},"end":{"line":5,"column":23}},"loc":{"start":{"line":5,"column":46},"end":{"line":23,"column":1}},"line":5},"1":{"name":"(anonymous_1)","decl":{"start":{"line":14,"column":16},"end":{"line":14,"column":17}},"loc":{"start":{"line":14,"column":21},"end":{"line":14,"column":37}},"line":14},"2":{"name":"(anonymous_2)","decl":{"start":{"line":18,"column":16},"end":{"line":18,"column":17}},"loc":{"start":{"line":18,"column":21},"end":{"line":18,"column":39}},"line":18}},"branchMap":{"0":{"loc":{"start":{"line":5,"column":23},"end":{"line":5,"column":33}},"type":"default-arg","locations":[{"start":{"line":5,"column":31},"end":{"line":5,"column":33}}],"line":5},"1":{"loc":{"start":{"line":6,"column":4},"end":{"line":22,"column":5}},"type":"switch","locations":[{"start":{"line":7,"column":8},"end":{"line":11,"column":13}},{"start":{"line":12,"column":8},"end":{"line":15,"column":13}},{"start":{"line":16,"column":8},"end":{"line":19,"column":13}},{"start":{"line":20,"column":8},"end":{"line":21,"column":24}}],"line":6}},"s":{"0":2,"1":18,"2":1,"3":1,"4":4,"5":1,"6":0,"7":15},"f":{"0":18,"1":4,"2":0},"b":{"0":[10],"1":[1,1,1,15]},"_coverageSchema":"43e27e138ebf9cfc5966b082cf9a028302ed4184","hash":"516f6b3018d24775448e4b80f10706aa7afdd678"}
,"/Users/Antoine/Developer/Code/React-js/Learning-React/Chapter-10/Color-Organizer/src/reducers/sortReducer.js": {"path":"/Users/Antoine/Developer/Code/React-js/Learning-React/Chapter-10/Color-Organizer/src/reducers/sortReducer.js","statementMap":{"0":{"start":{"line":4,"column":20},"end":{"line":11,"column":1}},"1":{"start":{"line":5,"column":4},"end":{"line":10,"column":5}},"2":{"start":{"line":7,"column":12},"end":{"line":7,"column":32}},"3":{"start":{"line":9,"column":12},"end":{"line":9,"column":24}}},"fnMap":{"0":{"name":"(anonymous_0)","decl":{"start":{"line":4,"column":20},"end":{"line":4,"column":21}},"loc":{"start":{"line":4,"column":58},"end":{"line":11,"column":1}},"line":4}},"branchMap":{"0":{"loc":{"start":{"line":4,"column":21},"end":{"line":4,"column":45}},"type":"default-arg","locations":[{"start":{"line":4,"column":29},"end":{"line":4,"column":45}}],"line":4},"1":{"loc":{"start":{"line":5,"column":4},"end":{"line":10,"column":5}},"type":"switch","locations":[{"start":{"line":6,"column":8},"end":{"line":7,"column":32}},{"start":{"line":8,"column":8},"end":{"line":9,"column":24}}],"line":5}},"s":{"0":1,"1":18,"2":3,"3":15},"f":{"0":18},"b":{"0":[11],"1":[3,15]},"_coverageSchema":"43e27e138ebf9cfc5966b082cf9a028302ed4184","hash":"9ff14c10f6cd00fbf19df550306ad37417eace08"}
,"/Users/Antoine/Developer/Code/React-js/Learning-React/Chapter-10/Color-Organizer/src/store/index.js": {"path":"/Users/Antoine/Developer/Code/React-js/Learning-React/Chapter-10/Color-Organizer/src/store/index.js","statementMap":{"0":{"start":{"line":7,"column":15},"end":{"line":16,"column":1}},"1":{"start":{"line":7,"column":24},"end":{"line":16,"column":1}},"2":{"start":{"line":7,"column":32},"end":{"line":16,"column":1}},"3":{"start":{"line":9,"column":4},"end":{"line":9,"column":54}},"4":{"start":{"line":10,"column":4},"end":{"line":10,"column":47}},"5":{"start":{"line":11,"column":4},"end":{"line":11,"column":33}},"6":{"start":{"line":12,"column":4},"end":{"line":12,"column":25}},"7":{"start":{"line":13,"column":4},"end":{"line":13,"column":47}},"8":{"start":{"line":14,"column":4},"end":{"line":14,"column":22}},"9":{"start":{"line":15,"column":4},"end":{"line":15,"column":17}},"10":{"start":{"line":18,"column":14},"end":{"line":22,"column":1}},"11":{"start":{"line":18,"column":23},"end":{"line":22,"column":1}},"12":{"start":{"line":18,"column":31},"end":{"line":22,"column":1}},"13":{"start":{"line":19,"column":17},"end":{"line":19,"column":29}},"14":{"start":{"line":20,"column":4},"end":{"line":20,"column":66}},"15":{"start":{"line":21,"column":4},"end":{"line":21,"column":17}},"16":{"start":{"line":24,"column":21},"end":{"line":30,"column":5}},"17":{"start":{"line":25,"column":4},"end":{"line":30,"column":5}}},"fnMap":{"0":{"name":"(anonymous_0)","decl":{"start":{"line":7,"column":15},"end":{"line":7,"column":16}},"loc":{"start":{"line":7,"column":24},"end":{"line":16,"column":1}},"line":7},"1":{"name":"(anonymous_1)","decl":{"start":{"line":7,"column":24},"end":{"line":7,"column":25}},"loc":{"start":{"line":7,"column":32},"end":{"line":16,"column":1}},"line":7},"2":{"name":"(anonymous_2)","decl":{"start":{"line":7,"column":32},"end":{"line":7,"column":33}},"loc":{"start":{"line":7,"column":42},"end":{"line":16,"column":1}},"line":7},"3":{"name":"(anonymous_3)","decl":{"start":{"line":18,"column":14},"end":{"line":18,"column":15}},"loc":{"start":{"line":18,"column":23},"end":{"line":22,"column":1}},"line":18},"4":{"name":"(anonymous_4)","decl":{"start":{"line":18,"column":23},"end":{"line":18,"column":24}},"loc":{"start":{"line":18,"column":31},"end":{"line":22,"column":1}},"line":18},"5":{"name":"(anonymous_5)","decl":{"start":{"line":18,"column":31},"end":{"line":18,"column":32}},"loc":{"start":{"line":18,"column":41},"end":{"line":22,"column":1}},"line":18},"6":{"name":"(anonymous_6)","decl":{"start":{"line":24,"column":21},"end":{"line":24,"column":22}},"loc":{"start":{"line":25,"column":4},"end":{"line":30,"column":5}},"line":25}},"branchMap":{"0":{"loc":{"start":{"line":24,"column":22},"end":{"line":24,"column":44}},"type":"default-arg","locations":[{"start":{"line":24,"column":35},"end":{"line":24,"column":44}}],"line":24},"1":{"loc":{"start":{"line":27,"column":8},"end":{"line":29,"column":24}},"type":"cond-expr","locations":[{"start":{"line":28,"column":12},"end":{"line":28,"column":51}},{"start":{"line":29,"column":12},"end":{"line":29,"column":24}}],"line":27}},"s":{"0":1,"1":4,"2":4,"3":6,"4":6,"5":6,"6":6,"7":6,"8":6,"9":6,"10":1,"11":4,"12":4,"13":6,"14":6,"15":6,"16":1,"17":4},"f":{"0":4,"1":4,"2":6,"3":4,"4":4,"5":6,"6":4},"b":{"0":[1],"1":[3,1]},"_coverageSchema":"43e27e138ebf9cfc5966b082cf9a028302ed4184","hash":"970688292de6800cfc18ac63ec40c7d17283410f"}
}
