TN:
SF:/Users/Antoine/Developer/Code/React-js/Learning-React/Chapter-10/Component-Organizer/src/actions/constants.js
FNF:0
FNH:0
DA:1,3
DA:2,3
DA:3,3
DA:4,3
LF:4
LH:4
BRF:0
BRH:0
end_of_record
TN:
SF:/Users/Antoine/Developer/Code/React-js/Learning-React/Chapter-10/Component-Organizer/src/actions/index.js
FN:5,(anonymous_0)
FN:14,(anonymous_1)
FN:20,(anonymous_2)
FN:27,(anonymous_3)
FNF:4
FNH:4
FNDA:1,(anonymous_0)
FNDA:2,(anonymous_1)
FNDA:2,(anonymous_2)
FNDA:3,(anonymous_3)
DA:5,2
DA:6,1
DA:14,2
DA:15,2
DA:20,2
DA:21,2
DA:27,2
DA:28,3
LF:8
LH:8
BRDA:28,0,0,1
BRDA:28,0,1,2
BRDA:33,1,0,1
BRDA:33,1,1,1
BRF:4
BRH:4
end_of_record
TN:
SF:/Users/Antoine/Developer/Code/React-js/Learning-React/Chapter-10/Component-Organizer/src/components/Component.jst.js
FN:8,(anonymous_0)
FN:39,(anonymous_1)
FN:40,(anonymous_2)
FNF:3
FNH:3
FNDA:4,(anonymous_0)
FNDA:1,(anonymous_1)
FNDA:1,(anonymous_2)
DA:4,1
DA:9,4
DA:10,4
DA:29,1
DA:37,1
DA:39,1
DA:40,1
LF:7
LH:7
BRF:0
BRH:0
end_of_record
TN:
SF:/Users/Antoine/Developer/Code/React-js/Learning-React/Chapter-10/Component-Organizer/src/components/ColorList.js
FN:5,(anonymous_0)
FN:5,(anonymous_1)
FN:5,(anonymous_2)
FN:9,(anonymous_3)
FN:12,(anonymous_4)
FN:13,(anonymous_5)
FNF:6
FNH:6
FNDA:6,(anonymous_0)
FNDA:1,(anonymous_1)
FNDA:1,(anonymous_2)
FNDA:15,(anonymous_3)
FNDA:2,(anonymous_4)
FNDA:2,(anonymous_5)
DA:5,1
DA:6,6
DA:10,15
DA:12,2
DA:13,2
DA:19,1
LF:6
LH:6
BRDA:5,0,0,1
BRDA:5,1,0,5
BRDA:5,2,0,5
BRDA:7,3,0,1
BRDA:7,3,1,5
BRF:5
BRH:5
end_of_record
TN:
SF:/Users/Antoine/Developer/Code/React-js/Learning-React/Chapter-10/Component-Organizer/src/components/Star.js
FN:4,(anonymous_0)
FN:4,(anonymous_1)
FNF:2
FNH:2
FNDA:19,(anonymous_0)
FNDA:1,(anonymous_1)
DA:4,2
DA:5,19
DA:9,2
LF:3
LH:3
BRDA:4,0,0,2
BRDA:4,1,0,3
BRDA:5,2,0,2
BRDA:5,2,1,17
BRF:4
BRH:4
end_of_record
TN:
SF:/Users/Antoine/Developer/Code/React-js/Learning-React/Chapter-10/Component-Organizer/src/components/StarRating.js
FN:4,(anonymous_0)
FN:4,(anonymous_1)
FN:7,(anonymous_2)
FN:10,(anonymous_3)
FNF:4
FNH:3
FNDA:3,(anonymous_0)
FNDA:0,(anonymous_1)
FNDA:15,(anonymous_2)
FNDA:1,(anonymous_3)
DA:4,1
DA:5,3
DA:8,15
DA:10,1
LF:4
LH:4
BRDA:4,0,0,0
BRDA:4,1,0,3
BRDA:4,2,0,0
BRF:3
BRH:1
end_of_record
TN:
SF:/Users/Antoine/Developer/Code/React-js/Learning-React/Chapter-10/Component-Organizer/src/components/containers/Colors.js
FN:8,(anonymous_0)
FN:13,(anonymous_1)
FN:15,(anonymous_2)
FN:18,(anonymous_3)
FNF:4
FNH:4
FNDA:2,(anonymous_0)
FNDA:1,(anonymous_1)
FNDA:1,(anonymous_2)
FNDA:1,(anonymous_3)
DA:8,1
DA:9,2
DA:13,1
DA:14,1
DA:16,1
DA:19,1
DA:23,1
LF:7
LH:7
BRF:0
BRH:0
end_of_record
TN:
SF:/Users/Antoine/Developer/Code/React-js/Learning-React/Chapter-10/Component-Organizer/src/lib/array-helpers.js
FN:1,(anonymous_0)
FN:4,(anonymous_1)
FN:6,(anonymous_2)
FN:8,(anonymous_3)
FN:12,(anonymous_4)
FNF:5
FNH:3
FNDA:2,(anonymous_0)
FNDA:4,(anonymous_1)
FNDA:0,(anonymous_2)
FNDA:0,(anonymous_3)
FNDA:2,(anonymous_4)
DA:1,1
DA:2,2
DA:4,4
DA:6,0
DA:8,0
DA:12,1
DA:13,2
LF:7
LH:5
BRDA:2,0,0,2
BRDA:2,0,1,0
BRDA:2,0,2,0
BRDA:6,1,0,0
BRDA:6,1,1,0
BRDA:13,2,0,0
BRDA:13,2,1,2
BRDA:15,3,0,0
BRDA:15,3,1,2
BRF:9
BRH:3
end_of_record
TN:
SF:/Users/Antoine/Developer/Code/React-js/Learning-React/Chapter-10/Component-Organizer/src/reducers/colorReducer.js
FN:4,(anonymous_0)
FNF:1
FNH:1
FNDA:9,(anonymous_0)
DA:4,2
DA:6,9
DA:8,2
DA:16,5
DA:23,1
DA:27,1
LF:6
LH:6
BRDA:4,0,0,1
BRDA:4,1,0,1
BRDA:6,2,0,2
BRDA:6,2,1,5
BRDA:6,2,2,1
BRDA:6,2,3,1
BRDA:16,3,0,3
BRDA:16,3,1,2
BRDA:23,4,0,0
BRDA:23,4,1,1
BRF:10
BRH:9
end_of_record
TN:
SF:/Users/Antoine/Developer/Code/React-js/Learning-React/Chapter-10/Component-Organizer/src/reducers/colorsReducer.js
FN:5,(anonymous_0)
FN:14,(anonymous_1)
FN:18,(anonymous_2)
FNF:3
FNH:2
FNDA:18,(anonymous_0)
FNDA:4,(anonymous_1)
FNDA:0,(anonymous_2)
DA:5,2
DA:6,18
DA:8,1
DA:13,1
DA:14,4
DA:17,1
DA:18,0
DA:21,15
LF:8
LH:7
BRDA:5,0,0,10
BRDA:6,1,0,1
BRDA:6,1,1,1
BRDA:6,1,2,1
BRDA:6,1,3,15
BRF:5
BRH:5
end_of_record
TN:
SF:/Users/Antoine/Developer/Code/React-js/Learning-React/Chapter-10/Component-Organizer/src/reducers/sortReducer.js
FN:4,(anonymous_0)
FNF:1
FNH:1
FNDA:18,(anonymous_0)
DA:4,1
DA:5,18
DA:7,3
DA:9,15
LF:4
LH:4
BRDA:4,0,0,11
BRDA:5,1,0,3
BRDA:5,1,1,15
BRF:3
BRH:3
end_of_record
TN:
SF:/Users/Antoine/Developer/Code/React-js/Learning-React/Chapter-10/Component-Organizer/src/store/index.js
FN:7,(anonymous_0)
FN:7,(anonymous_1)
FN:7,(anonymous_2)
FN:18,(anonymous_3)
FN:18,(anonymous_4)
FN:18,(anonymous_5)
FN:24,(anonymous_6)
FNF:7
FNH:7
FNDA:4,(anonymous_0)
FNDA:4,(anonymous_1)
FNDA:6,(anonymous_2)
FNDA:4,(anonymous_3)
FNDA:4,(anonymous_4)
FNDA:6,(anonymous_5)
FNDA:4,(anonymous_6)
DA:7,4
DA:9,6
DA:10,6
DA:11,6
DA:12,6
DA:13,6
DA:14,6
DA:15,6
DA:18,4
DA:19,6
DA:20,6
DA:21,6
DA:24,1
DA:25,4
LF:14
LH:14
BRDA:24,0,0,1
BRDA:27,1,0,3
BRDA:27,1,1,1
BRF:3
BRH:3
end_of_record
